Using pre-set license
Built from '2020.3/staging' branch; Version is '2020.3.19f1 (68f137dc9bbe) revision 6877495'; Using compiler version '192528614'; Build Type 'Release'
OS: 'Windows 10 Home Single Language; OS build 19044.2130; Version 2009; 64bit' Language: 'ru' Physical Memory: 15741 MB
BatchMode: 1, IsHumanControllingUs: 0, StartBugReporterOnCrash: 0, Is64bit: 1, IsPro: 0

COMMAND LINE ARGUMENTS:
C:\Program Files\Unity\Hub\Editor\2020.3.19f1\Editor\Unity.exe
-adb2
-batchMode
-noUpm
-name
AssetImportWorker0
-projectPath
D:/Unity Projects/RobotRampage
-logFile
Logs/AssetImportWorker0.log
-srvPort
58654
Successfully changed project path to: D:/Unity Projects/RobotRampage
D:/Unity Projects/RobotRampage
Using Asset Import Pipeline V2.
Refreshing native plugins compatible for Editor in 26.49 ms, found 2 plugins.
Preloading 0 native plugins for Editor in 0.00 ms.
Initialize engine version: 2020.3.19f1 (68f137dc9bbe)
[Subsystems] Discovering subsystems at path C:/Program Files/Unity/Hub/Editor/2020.3.19f1/Editor/Data/Resources/UnitySubsystems
[Subsystems] Discovering subsystems at path D:/Unity Projects/RobotRampage/Assets
GfxDevice: creating device client; threaded=0
Direct3D:
    Version:  Direct3D 11.0 [level 11.1]
    Renderer: AMD Radeon(TM) Graphics (ID=0x1636)
    Vendor:   
    VRAM:     7870 MB
    Driver:   27.20.11022.14001
Initialize mono
Mono path[0] = 'C:/Program Files/Unity/Hub/Editor/2020.3.19f1/Editor/Data/Managed'
Mono path[1] = 'C:/Program Files/Unity/Hub/Editor/2020.3.19f1/Editor/Data/MonoBleedingEdge/lib/mono/unityjit'
Mono config path = 'C:/Program Files/Unity/Hub/Editor/2020.3.19f1/Editor/Data/MonoBleedingEdge/etc'
Using monoOptions --debugger-agent=transport=dt_socket,embedding=1,server=y,suspend=n,address=127.0.0.1:56784
Begin MonoManager ReloadAssembly
Registering precompiled unity dll's ...
Register platform support module: C:/Program Files/Unity/Hub/Editor/2020.3.19f1/Editor/Data/PlaybackEngines/WebGLSupport/UnityEditor.WebGL.Extensions.dll
Register platform support module: C:/Program Files/Unity/Hub/Editor/2020.3.19f1/Editor/Data/PlaybackEngines/WindowsStandaloneSupport/UnityEditor.WindowsStandalone.Extensions.dll
Registered in 0.002429 seconds.
Native extension for WindowsStandalone target not found
Native extension for WebGL target not found
Refreshing native plugins compatible for Editor in 37.93 ms, found 2 plugins.
Preloading 0 native plugins for Editor in 0.00 ms.
Mono: successfully reloaded assembly
- Completed reload, in  1.203 seconds
Domain Reload Profiling:
	ReloadAssembly (1203ms)
		BeginReloadAssembly (50ms)
			ExecutionOrderSort (0ms)
			DisableScriptedObjects (0ms)
			BackupInstance (0ms)
			ReleaseScriptingObjects (0ms)
			CreateAndSetChildDomain (1ms)
		EndReloadAssembly (449ms)
			LoadAssemblies (48ms)
			RebuildTransferFunctionScriptingTraits (0ms)
			SetupTypeCache (148ms)
			ReleaseScriptCaches (0ms)
			RebuildScriptCaches (36ms)
			SetupLoadedEditorAssemblies (182ms)
				LogAssemblyErrors (0ms)
				InitializePlatformSupportModulesInManaged (8ms)
				SetLoadedEditorAssemblies (1ms)
				RefreshPlugins (38ms)
				BeforeProcessingInitializeOnLoad (14ms)
				ProcessInitializeOnLoadAttributes (73ms)
				ProcessInitializeOnLoadMethodAttributes (47ms)
				AfterProcessingInitializeOnLoad (0ms)
				EditorAssembliesLoaded (0ms)
			ExecutionOrderSort2 (0ms)
			AwakeInstancesAfterBackupRestoration (0ms)
Platform modules already initialized, skipping
Registering precompiled user dll's ...
Registered in 0.001986 seconds.
Begin MonoManager ReloadAssembly
Native extension for WindowsStandalone target not found
Native extension for WebGL target not found
Refreshing native plugins compatible for Editor in 0.36 ms, found 2 plugins.
Preloading 0 native plugins for Editor in 0.00 ms.
Mono: successfully reloaded assembly
- Completed reload, in  1.129 seconds
Domain Reload Profiling:
	ReloadAssembly (1130ms)
		BeginReloadAssembly (201ms)
			ExecutionOrderSort (0ms)
			DisableScriptedObjects (14ms)
			BackupInstance (0ms)
			ReleaseScriptingObjects (0ms)
			CreateAndSetChildDomain (21ms)
		EndReloadAssembly (855ms)
			LoadAssemblies (101ms)
			RebuildTransferFunctionScriptingTraits (0ms)
			SetupTypeCache (281ms)
			ReleaseScriptCaches (0ms)
			RebuildScriptCaches (55ms)
			SetupLoadedEditorAssemblies (308ms)
				LogAssemblyErrors (0ms)
				InitializePlatformSupportModulesInManaged (6ms)
				SetLoadedEditorAssemblies (0ms)
				RefreshPlugins (0ms)
				BeforeProcessingInitializeOnLoad (71ms)
				ProcessInitializeOnLoadAttributes (218ms)
				ProcessInitializeOnLoadMethodAttributes (4ms)
				AfterProcessingInitializeOnLoad (7ms)
				EditorAssembliesLoaded (0ms)
			ExecutionOrderSort2 (0ms)
			AwakeInstancesAfterBackupRestoration (6ms)
Platform modules already initialized, skipping
========================================================================
Worker process is ready to serve import requests
Launched and connected shader compiler UnityShaderCompiler.exe after 0.05 seconds
Refreshing native plugins compatible for Editor in 0.53 ms, found 2 plugins.
Preloading 0 native plugins for Editor in 0.00 ms.
Unloading 1397 Unused Serialized files (Serialized files now loaded: 0)
System memory in use before: 64.9 MB.
System memory in use after: 65.0 MB.

Unloading 16 unused Assets to reduce memory usage. Loaded Objects now: 1832.
Total: 4.311200 ms (FindLiveObjects: 0.216100 ms CreateObjectMapping: 0.035600 ms MarkObjects: 3.962100 ms  DeleteObjects: 0.095300 ms)

AssetImportParameters requested are different than current active one (requested -> active):
  custom:framework-win-MediaFoundation: 216162199b28c13a410421893ffa2e32 -> 
  custom:video-decoder-ogg-theora: a1e56fd34408186e4bbccfd4996cb3dc -> 
  custom:container-muxer-webm: aa71ff27fc2769a1b78a27578f13a17b -> 
  custom:container-demuxer-webm: 4f35f7cbe854078d1ac9338744f61a02 -> 
  custom:container-demuxer-ogg: 62fdf1f143b41e24485cea50d1cbac27 -> 
  custom:video-encoder-webm-vp8: eb34c28f22e8b96e1ab97ce403110664 -> 
  custom:video-codec-MediaFoundation-h265: 746d11721c4dcdbdad8f713fa42b33f4 -> 
  custom:video-decoder-webm-vp8: 9c59270c3fd7afecdb556c50c9e8de78 -> 
  custom:audio-decoder-ogg-vorbis: bf7c407c2cedff20999df2af8eb42d56 -> 
  custom:audio-encoder-webm-vorbis: bf7c407c2cedff20999df2af8eb42d56 -> 
========================================================================
Received Import Request.
  path: Assets/Smoke.mat
  artifactKey: Guid(9fcbe14d93cc146179952fee7750e337) Importer(815301076,1909f56bfc062723c751e8b465ee728b)
Start importing Assets/Smoke.mat using Guid(9fcbe14d93cc146179952fee7750e337) Importer(815301076,1909f56bfc062723c751e8b465ee728b)  -> (artifact id: '56ef7f6f36d5ced25d87681ca7e599b0') in 0.124753 seconds 
  Import took 0.127384 seconds .

========================================================================
Received Import Request.
  Time since last request: 0.000187 seconds.
  path: Assets/Ground.mat
  artifactKey: Guid(142e589b0db054510acb8c6dacc1fd2c) Importer(815301076,1909f56bfc062723c751e8b465ee728b)
Start importing Assets/Ground.mat using Guid(142e589b0db054510acb8c6dacc1fd2c) Importer(815301076,1909f56bfc062723c751e8b465ee728b)  -> (artifact id: '7fefc6b319ef9a81a5fdbef015ab3a63') in 0.218175 seconds 
  Import took 0.220893 seconds .

========================================================================
Received Import Request.
  Time since last request: 12.108265 seconds.
  path: Assets/Models/RobotMissile.prefab
  artifactKey: Guid(d2c78b2d67c97420287beecc1c341311) Importer(815301076,1909f56bfc062723c751e8b465ee728b)
Start importing Assets/Models/RobotMissile.prefab using Guid(d2c78b2d67c97420287beecc1c341311) Importer(815301076,1909f56bfc062723c751e8b465ee728b)  -> (artifact id: '10e377b57ee557e9ed2a0a7c12218042') in 0.077439 seconds 
  Import took 0.083004 seconds .

========================================================================
Received Import Request.
  Time since last request: 0.000461 seconds.
  path: Assets/Models/RobotRampage-Title.fbx
  artifactKey: Guid(6de6767cda1394fb3993f33e149d8938) Importer(815301076,1909f56bfc062723c751e8b465ee728b)
Start importing Assets/Models/RobotRampage-Title.fbx using Guid(6de6767cda1394fb3993f33e149d8938) Importer(815301076,1909f56bfc062723c751e8b465ee728b)  -> (artifact id: 'eb7c96dcb17199eef566a5c4826a5412') in 0.540607 seconds 
  Import took 0.544772 seconds .

========================================================================
Received Import Request.
  Time since last request: 0.000249 seconds.
  path: Assets/Materials/Blue.mat
  artifactKey: Guid(a346459d54863c2489ef67ed890637dd) Importer(815301076,1909f56bfc062723c751e8b465ee728b)
Start importing Assets/Materials/Blue.mat using Guid(a346459d54863c2489ef67ed890637dd) Importer(815301076,1909f56bfc062723c751e8b465ee728b)  -> (artifact id: 'c2a2dfc5b610faa5a6dbc93f53a05572') in 0.024263 seconds 
  Import took 0.028357 seconds .

========================================================================
Received Import Request.
  Time since last request: 0.000515 seconds.
  path: Assets/Models/RobotRampage_Pickup_Ammo.blend
  artifactKey: Guid(a69030052afe0437490b368f6f3a11b6) Importer(815301076,1909f56bfc062723c751e8b465ee728b)
Start importing Assets/Models/RobotRampage_Pickup_Ammo.blend using Guid(a69030052afe0437490b368f6f3a11b6) Importer(815301076,1909f56bfc062723c751e8b465ee728b)  -> (artifact id: 'c78659715346131ef74e2a9eeb0a5e45') in 0.190175 seconds 
  Import took 0.194378 seconds .

========================================================================
Received Import Request.
  Time since last request: 0.000233 seconds.
  path: Assets/Materials/Pink_Black_Texture.png
  artifactKey: Guid(7ec8ab2ac8245421f921fe8bee2db0a7) Importer(815301076,1909f56bfc062723c751e8b465ee728b)
Start importing Assets/Materials/Pink_Black_Texture.png using Guid(7ec8ab2ac8245421f921fe8bee2db0a7) Importer(815301076,1909f56bfc062723c751e8b465ee728b)  -> (artifact id: '0020d944530c217af54a7371c2d8f037') in 0.088906 seconds 
  Import took 0.092124 seconds .

========================================================================
Received Import Request.
  Time since last request: 0.000259 seconds.
  path: Assets/Materials/reticleBlue.png
  artifactKey: Guid(fa68d4d43ad9542fd84327ce6edcc434) Importer(815301076,1909f56bfc062723c751e8b465ee728b)
Start importing Assets/Materials/reticleBlue.png using Guid(fa68d4d43ad9542fd84327ce6edcc434) Importer(815301076,1909f56bfc062723c751e8b465ee728b)  -> (artifact id: '4704b1100da148f14f2c4ef00bc58a78') in 0.022144 seconds 
  Import took 0.025367 seconds .

========================================================================
Received Import Request.
  Time since last request: 0.000256 seconds.
  path: Assets/Materials/RobotRampage_Pickup_Ammo-Material__RobotRampage_Bot_Texture_psd.mat
  artifactKey: Guid(d0c097ce106cbf54cbabd8da625e3518) Importer(815301076,1909f56bfc062723c751e8b465ee728b)
Start importing Assets/Materials/RobotRampage_Pickup_Ammo-Material__RobotRampage_Bot_Texture_psd.mat using Guid(d0c097ce106cbf54cbabd8da625e3518) Importer(815301076,1909f56bfc062723c751e8b465ee728b)  -> (artifact id: '836d13f5a463a6efab093947068cde36') in 0.020285 seconds 
  Import took 0.023861 seconds .

========================================================================
Received Import Request.
  Time since last request: 0.000279 seconds.
  path: Assets/Materials/Pink_Grey_Texture.png
  artifactKey: Guid(e7506dc558c7c478e93518d35e86c2a2) Importer(815301076,1909f56bfc062723c751e8b465ee728b)
Start importing Assets/Materials/Pink_Grey_Texture.png using Guid(e7506dc558c7c478e93518d35e86c2a2) Importer(815301076,1909f56bfc062723c751e8b465ee728b)  -> (artifact id: '10dbd329ac5d55e32bd3301a456738dd') in 0.017087 seconds 
  Import took 0.021211 seconds .

========================================================================
Received Import Request.
  Time since last request: 0.000334 seconds.
  path: Assets/Models/RobotRampage_Pickup_Health.blend
  artifactKey: Guid(6c43464943ca24aeda68fdd20b321b41) Importer(815301076,1909f56bfc062723c751e8b465ee728b)
Start importing Assets/Models/RobotRampage_Pickup_Health.blend using Guid(6c43464943ca24aeda68fdd20b321b41) Importer(815301076,1909f56bfc062723c751e8b465ee728b)  -> (artifact id: '81f7f992bd9514fdf58842bd550555d9') in 0.085102 seconds 
  Import took 0.089225 seconds .

========================================================================
Received Import Request.
  Time since last request: 0.000317 seconds.
  path: Assets/Materials/reticleRed.png
  artifactKey: Guid(b3daf93d6b200d5458e7fcc17819d7d0) Importer(815301076,1909f56bfc062723c751e8b465ee728b)
Start importing Assets/Materials/reticleRed.png using Guid(b3daf93d6b200d5458e7fcc17819d7d0) Importer(815301076,1909f56bfc062723c751e8b465ee728b)  -> (artifact id: '8cec357f130a78c2eee54e7377834ec1') in 0.023826 seconds 
  Import took 0.027159 seconds .

========================================================================
Received Import Request.
  Time since last request: 0.000293 seconds.
  path: Assets/Materials/RobotRampage_Shotgun-Material.mat
  artifactKey: Guid(56c8cc44161de41648ec020366af201d) Importer(815301076,1909f56bfc062723c751e8b465ee728b)
Start importing Assets/Materials/RobotRampage_Shotgun-Material.mat using Guid(56c8cc44161de41648ec020366af201d) Importer(815301076,1909f56bfc062723c751e8b465ee728b)  -> (artifact id: '4b5a1e7ad57d95a9fe139174f7f7d955') in 0.020021 seconds 
  Import took 0.023593 seconds .

========================================================================
Received Import Request.
  Time since last request: 0.000272 seconds.
  path: Assets/Materials/Material.mat
  artifactKey: Guid(c36ad308e19b14e76a0d21e81574ea6d) Importer(815301076,1909f56bfc062723c751e8b465ee728b)
Start importing Assets/Materials/Material.mat using Guid(c36ad308e19b14e76a0d21e81574ea6d) Importer(815301076,1909f56bfc062723c751e8b465ee728b)  -> (artifact id: '6709a56dd1b8601fdf9ace06194fafef') in 0.017747 seconds 
  Import took 0.021590 seconds .

========================================================================
Received Import Request.
  Time since last request: 0.000343 seconds.
  path: Assets/Materials/heavy_data.ttf
  artifactKey: Guid(5d52dd308caf6a649b1ad0dbbbac37b3) Importer(815301076,1909f56bfc062723c751e8b465ee728b)
Start importing Assets/Materials/heavy_data.ttf using Guid(5d52dd308caf6a649b1ad0dbbbac37b3) Importer(815301076,1909f56bfc062723c751e8b465ee728b)  -> (artifact id: '05d071d0a4dc970782fbdfc3d08e82c0') in 0.049771 seconds 
  Import took 0.053452 seconds .

========================================================================
Received Import Request.
  Time since last request: 0.000279 seconds.
  path: Assets/Models/RobotRampage_Shotgun.fbx
  artifactKey: Guid(6f08686d23bef304a93c7f4af1e8f17c) Importer(815301076,1909f56bfc062723c751e8b465ee728b)
Start importing Assets/Models/RobotRampage_Shotgun.fbx using Guid(6f08686d23bef304a93c7f4af1e8f17c) Importer(815301076,1909f56bfc062723c751e8b465ee728b)  -> (artifact id: 'b54cab2cf34673e61f46c4b410bd9627') in 0.109904 seconds 
  Import took 0.114518 seconds .

========================================================================
Received Import Request.
  Time since last request: 0.000377 seconds.
  path: Assets/Materials/RobotRampage_AssaultRifle-Material__RobotRampage_Bot_Texture_psd.mat
  artifactKey: Guid(106c57e8b715046efa0019d9aee120f1) Importer(815301076,1909f56bfc062723c751e8b465ee728b)
Start importing Assets/Materials/RobotRampage_AssaultRifle-Material__RobotRampage_Bot_Texture_psd.mat using Guid(106c57e8b715046efa0019d9aee120f1) Importer(815301076,1909f56bfc062723c751e8b465ee728b)  -> (artifact id: 'f313f9e8cead1ced255005812ed33252') in 0.023654 seconds 
  Import took 0.027565 seconds .

========================================================================
Received Import Request.
  Time since last request: 0.000333 seconds.
  path: Assets/Materials/Yellow.mat
  artifactKey: Guid(a2d8e5b65dcd1f846aaf608ef27d4b99) Importer(815301076,1909f56bfc062723c751e8b465ee728b)
Start importing Assets/Materials/Yellow.mat using Guid(a2d8e5b65dcd1f846aaf608ef27d4b99) Importer(815301076,1909f56bfc062723c751e8b465ee728b)  -> (artifact id: 'fac87e389797bdb7a1b0de788fea8152') in 0.023030 seconds 
  Import took 0.027073 seconds .

========================================================================
Received Import Request.
  Time since last request: 0.000272 seconds.
  path: Assets/Materials/Main_Material__RobotRampage_Bot_Texture_psd.mat
  artifactKey: Guid(f08c9b1b6ce224f7ab873c518191ac39) Importer(815301076,1909f56bfc062723c751e8b465ee728b)
Start importing Assets/Materials/Main_Material__RobotRampage_Bot_Texture_psd.mat using Guid(f08c9b1b6ce224f7ab873c518191ac39) Importer(815301076,1909f56bfc062723c751e8b465ee728b)  -> (artifact id: '7d9b07dd62a0662a77a24e7e48a429cf') in 0.020468 seconds 
  Import took 0.024347 seconds .

========================================================================
Received Import Request.
  Time since last request: 0.000370 seconds.
  path: Assets/Materials/Main_Material.mat
  artifactKey: Guid(59f19f2b3b0424574bcf156e2c6ec425) Importer(815301076,1909f56bfc062723c751e8b465ee728b)
Start importing Assets/Materials/Main_Material.mat using Guid(59f19f2b3b0424574bcf156e2c6ec425) Importer(815301076,1909f56bfc062723c751e8b465ee728b)  -> (artifact id: 'ee41bb1eb2d3712cde0473f04cd7e42b') in 0.015700 seconds 
  Import took 0.020016 seconds .

========================================================================
Received Import Request.
  Time since last request: 0.000358 seconds.
  path: Assets/Materials/reticleYellow.png
  artifactKey: Guid(51ba2988aa8374e83a9e36c552ffc337) Importer(815301076,1909f56bfc062723c751e8b465ee728b)
Start importing Assets/Materials/reticleYellow.png using Guid(51ba2988aa8374e83a9e36c552ffc337) Importer(815301076,1909f56bfc062723c751e8b465ee728b)  -> (artifact id: 'cd345764e790af724f38f2f700808234') in 0.022713 seconds 
  Import took 0.027232 seconds .

========================================================================
Received Import Request.
  Time since last request: 0.000324 seconds.
  path: Assets/Materials/Material__RobotRampage_Bot_Texture_psd.mat
  artifactKey: Guid(3c2a6c2fb997c46728633c70ec84999a) Importer(815301076,1909f56bfc062723c751e8b465ee728b)
Start importing Assets/Materials/Material__RobotRampage_Bot_Texture_psd.mat using Guid(3c2a6c2fb997c46728633c70ec84999a) Importer(815301076,1909f56bfc062723c751e8b465ee728b)  -> (artifact id: '0673101981c8413646fc93d5f14bf0bb') in 0.017744 seconds 
  Import took 0.022565 seconds .

========================================================================
Received Import Request.
  Time since last request: 0.000387 seconds.
  path: Assets/Models/RobotRampage_Bot_v1.fbx
  artifactKey: Guid(fb900ac847b684cda925ff9b43688031) Importer(815301076,1909f56bfc062723c751e8b465ee728b)
Start importing Assets/Models/RobotRampage_Bot_v1.fbx using Guid(fb900ac847b684cda925ff9b43688031) Importer(815301076,1909f56bfc062723c751e8b465ee728b)  -> (artifact id: 'bade0929894ca3bc5425352136631c88') in 0.095428 seconds 
  Import took 0.099778 seconds .

========================================================================
Received Import Request.
  Time since last request: 0.000312 seconds.
  path: Assets/Materials/RobotRampage_Bot_Texture.mat
  artifactKey: Guid(4ccd3e09db1b94e769fdb243fd44ab27) Importer(815301076,1909f56bfc062723c751e8b465ee728b)
Start importing Assets/Materials/RobotRampage_Bot_Texture.mat using Guid(4ccd3e09db1b94e769fdb243fd44ab27) Importer(815301076,1909f56bfc062723c751e8b465ee728b)  -> (artifact id: '47654efbe9a52070f6857054f65401f3') in 0.019309 seconds 
  Import took 0.023369 seconds .

========================================================================
Received Import Request.
  Time since last request: 0.000260 seconds.
  path: Assets/Models/RobotRampage_Teleporter.blend
  artifactKey: Guid(426e8b241d26048d6a27c8e1d266ebdc) Importer(815301076,1909f56bfc062723c751e8b465ee728b)
Start importing Assets/Models/RobotRampage_Teleporter.blend using Guid(426e8b241d26048d6a27c8e1d266ebdc) Importer(815301076,1909f56bfc062723c751e8b465ee728b)  -> (artifact id: 'e91297e933f99a970824c64dd8148ae7') in 0.144827 seconds 
  Import took 0.148339 seconds .

========================================================================
Received Import Request.
  Time since last request: 0.000349 seconds.
  path: Assets/Materials/Red.mat
  artifactKey: Guid(5af3c5cdecf75c54b8145c1a7ee19aec) Importer(815301076,1909f56bfc062723c751e8b465ee728b)
Start importing Assets/Materials/Red.mat using Guid(5af3c5cdecf75c54b8145c1a7ee19aec) Importer(815301076,1909f56bfc062723c751e8b465ee728b)  -> (artifact id: '734aa3d3279108eeca80b46895016264') in 0.019322 seconds 
  Import took 0.023782 seconds .

========================================================================
Received Import Request.
  Time since last request: 0.000373 seconds.
  path: Assets/Materials/RobotRampage_Bot_TextureBlue.mat
  artifactKey: Guid(dd1d697d128e746deb1cab02a543123b) Importer(815301076,1909f56bfc062723c751e8b465ee728b)
Start importing Assets/Materials/RobotRampage_Bot_TextureBlue.mat using Guid(dd1d697d128e746deb1cab02a543123b) Importer(815301076,1909f56bfc062723c751e8b465ee728b)  -> (artifact id: '3b56011bbfdecc981f0ab518db76bccf') in 0.019797 seconds 
  Import took 0.025770 seconds .

========================================================================
Received Import Request.
  Time since last request: 0.000401 seconds.
  path: Assets/Models/RobotRampage_Pickup_Armor.blend
  artifactKey: Guid(5f27c30c422fc4cbc8056b935b45262d) Importer(815301076,1909f56bfc062723c751e8b465ee728b)
Start importing Assets/Models/RobotRampage_Pickup_Armor.blend using Guid(5f27c30c422fc4cbc8056b935b45262d) Importer(815301076,1909f56bfc062723c751e8b465ee728b)  -> (artifact id: 'f7250ea545cc2ca559ee2c47e72fa0ec') in 0.092498 seconds 
  Import took 0.098109 seconds .

========================================================================
Received Import Request.
  Time since last request: 0.000296 seconds.
  path: Assets/Models/RobotRampage_ParticleSmoke.blend
  artifactKey: Guid(8745635dbac3a4f9a8c53624d16a3b54) Importer(815301076,1909f56bfc062723c751e8b465ee728b)
Start importing Assets/Models/RobotRampage_ParticleSmoke.blend using Guid(8745635dbac3a4f9a8c53624d16a3b54) Importer(815301076,1909f56bfc062723c751e8b465ee728b)  -> (artifact id: '5daea39819b02550cd8c5101b230f880') in 0.035977 seconds 
  Import took 0.039566 seconds .

========================================================================
Received Import Request.
  Time since last request: 0.000233 seconds.
  path: Assets/Models/RobotRampage_Wall-Post.blend
  artifactKey: Guid(0cae319aeebd340d68d5eea8bae42aa9) Importer(815301076,1909f56bfc062723c751e8b465ee728b)
Start importing Assets/Models/RobotRampage_Wall-Post.blend using Guid(0cae319aeebd340d68d5eea8bae42aa9) Importer(815301076,1909f56bfc062723c751e8b465ee728b)  -> (artifact id: '52a1e4e86f485bf81769c0f1f0c022d9') in 0.028469 seconds 
  Import took 0.032105 seconds .

========================================================================
Received Import Request.
  Time since last request: 0.000507 seconds.
  path: Assets/Materials/RobotRampage_AssaultRifle-Material.mat
  artifactKey: Guid(09a1a8d837784449e87a29a2cb9ded36) Importer(815301076,1909f56bfc062723c751e8b465ee728b)
Start importing Assets/Materials/RobotRampage_AssaultRifle-Material.mat using Guid(09a1a8d837784449e87a29a2cb9ded36) Importer(815301076,1909f56bfc062723c751e8b465ee728b)  -> (artifact id: '9caa1556e7f8ce8cf5498814e224152e') in 0.017981 seconds 
  Import took 0.023141 seconds .

========================================================================
Received Import Request.
  Time since last request: 0.000349 seconds.
  path: Assets/Models/RobotRampage_Bot_Texture.psd
  artifactKey: Guid(96065b00546b841529c975fbfb01640c) Importer(815301076,1909f56bfc062723c751e8b465ee728b)
Start importing Assets/Models/RobotRampage_Bot_Texture.psd using Guid(96065b00546b841529c975fbfb01640c) Importer(815301076,1909f56bfc062723c751e8b465ee728b)  -> (artifact id: '141f3303f9fcefcea8f3add8a1d0d012') in 0.016813 seconds 
  Import took 0.022340 seconds .

========================================================================
Received Import Request.
  Time since last request: 0.000587 seconds.
  path: Assets/Materials/RobotRampage_Pickup_Ammo-Material.mat
  artifactKey: Guid(a35392580f3f2344280e4493d5c01911) Importer(815301076,1909f56bfc062723c751e8b465ee728b)
Start importing Assets/Materials/RobotRampage_Pickup_Ammo-Material.mat using Guid(a35392580f3f2344280e4493d5c01911) Importer(815301076,1909f56bfc062723c751e8b465ee728b)  -> (artifact id: 'a35175a9856d6052772d044531e3e838') in 0.018701 seconds 
  Import took 0.022763 seconds .

========================================================================
Received Import Request.
  Time since last request: 0.000455 seconds.
  path: Assets/Materials/Pink_Texture.png
  artifactKey: Guid(080e2ee3e94e44e5fb927dd38d8812ad) Importer(815301076,1909f56bfc062723c751e8b465ee728b)
Start importing Assets/Materials/Pink_Texture.png using Guid(080e2ee3e94e44e5fb927dd38d8812ad) Importer(815301076,1909f56bfc062723c751e8b465ee728b)  -> (artifact id: '0c4545cb5fd07604a01e7bd33275ddc5') in 0.051998 seconds 
  Import took 0.056762 seconds .

========================================================================
Received Import Request.
  Time since last request: 0.000275 seconds.
  path: Assets/Materials/RobotRampage_Bot_TextureYellow.mat
  artifactKey: Guid(c62aa3ad5ee0547eabb5dfc2a0af36f9) Importer(815301076,1909f56bfc062723c751e8b465ee728b)
Start importing Assets/Materials/RobotRampage_Bot_TextureYellow.mat using Guid(c62aa3ad5ee0547eabb5dfc2a0af36f9) Importer(815301076,1909f56bfc062723c751e8b465ee728b)  -> (artifact id: '053c866aa4f2c81cb742132c3cb23607') in 0.022010 seconds 
  Import took 0.025622 seconds .

========================================================================
Received Import Request.
  Time since last request: 0.000242 seconds.
  path: Assets/Models/RobotRampage_BotBall_v1.blend
  artifactKey: Guid(a2ac354ba9ee44b57a05ae6430047c1f) Importer(815301076,1909f56bfc062723c751e8b465ee728b)
Start importing Assets/Models/RobotRampage_BotBall_v1.blend using Guid(a2ac354ba9ee44b57a05ae6430047c1f) Importer(815301076,1909f56bfc062723c751e8b465ee728b)  -> (artifact id: '64045cd1f4d5bab6f6afb6bbee86ffbb') in 0.028429 seconds 
  Import took 0.031963 seconds .

========================================================================
Received Import Request.
  Time since last request: 0.000289 seconds.
  path: Assets/Models/RobotRampage_Bot_TextureBlue.png
  artifactKey: Guid(0ac8ed0d652494fd29b4c921e018c988) Importer(815301076,1909f56bfc062723c751e8b465ee728b)
Start importing Assets/Models/RobotRampage_Bot_TextureBlue.png using Guid(0ac8ed0d652494fd29b4c921e018c988) Importer(815301076,1909f56bfc062723c751e8b465ee728b)  -> (artifact id: '59ca7fb68f0a70134eec2a568b1410f3') in 0.013458 seconds 
  Import took 0.017640 seconds .

========================================================================
Received Import Request.
  Time since last request: 0.000379 seconds.
  path: Assets/Materials/RobotRampage_Pickup_Ammo1-Material.mat
  artifactKey: Guid(f74d99dba571d4962aad93244bc9fa1a) Importer(815301076,1909f56bfc062723c751e8b465ee728b)
Start importing Assets/Materials/RobotRampage_Pickup_Ammo1-Material.mat using Guid(f74d99dba571d4962aad93244bc9fa1a) Importer(815301076,1909f56bfc062723c751e8b465ee728b)  -> (artifact id: '72632bd0435a85b74ee136a3da602236') in 0.018983 seconds 
  Import took 0.025032 seconds .

========================================================================
Received Import Request.
  Time since last request: 0.000358 seconds.
  path: Assets/Models/RobotRampage_AssaultRifle.fbx
  artifactKey: Guid(a8dd7506f95e7d946a1030be85c479db) Importer(815301076,1909f56bfc062723c751e8b465ee728b)
Start importing Assets/Models/RobotRampage_AssaultRifle.fbx using Guid(a8dd7506f95e7d946a1030be85c479db) Importer(815301076,1909f56bfc062723c751e8b465ee728b)  -> (artifact id: '46c08a5903d0fe60c64cb131d510d9d3') in 0.119400 seconds 
  Import took 0.124462 seconds .

========================================================================
Received Import Request.
  Time since last request: 0.000270 seconds.
  path: Assets/Materials/Box.png
  artifactKey: Guid(c87324f7bfbf049e49a76b0ab0f69000) Importer(815301076,1909f56bfc062723c751e8b465ee728b)
Start importing Assets/Materials/Box.png using Guid(c87324f7bfbf049e49a76b0ab0f69000) Importer(815301076,1909f56bfc062723c751e8b465ee728b)  -> (artifact id: 'b027fc2e97bda1a281abf1c3cc0e36b1') in 0.026311 seconds 
  Import took 0.030252 seconds .

========================================================================
Received Import Request.
  Time since last request: 0.000281 seconds.
  path: Assets/Models/RobotRampage_Bot_TextureYellow.png
  artifactKey: Guid(5934243e71d3348e79e8488019641c9c) Importer(815301076,1909f56bfc062723c751e8b465ee728b)
Start importing Assets/Models/RobotRampage_Bot_TextureYellow.png using Guid(5934243e71d3348e79e8488019641c9c) Importer(815301076,1909f56bfc062723c751e8b465ee728b)  -> (artifact id: 'a8ee7c3989772001a7db30ebad52c6dd') in 0.015403 seconds 
  Import took 0.019884 seconds .

========================================================================
Received Import Request.
  Time since last request: 0.000415 seconds.
  path: Assets/Models/RobotRampage_Pistol.fbx
  artifactKey: Guid(e4be631cda7f47448a35b76f4af4ab7d) Importer(815301076,1909f56bfc062723c751e8b465ee728b)
Start importing Assets/Models/RobotRampage_Pistol.fbx using Guid(e4be631cda7f47448a35b76f4af4ab7d) Importer(815301076,1909f56bfc062723c751e8b465ee728b)  -> (artifact id: 'cbcb3154f436b9b4eadf3797f6e36db0') in 0.085231 seconds 
  Import took 0.090436 seconds .

========================================================================
Received Import Request.
  Time since last request: 0.000349 seconds.
  path: Assets/Materials/RobotRampage_Pickup_Ammo1-Material__RobotRampage_Bot_Texture_psd.mat
  artifactKey: Guid(9b8450b8e9a2e43f5b9eac9fe61d3ccf) Importer(815301076,1909f56bfc062723c751e8b465ee728b)
Start importing Assets/Materials/RobotRampage_Pickup_Ammo1-Material__RobotRampage_Bot_Texture_psd.mat using Guid(9b8450b8e9a2e43f5b9eac9fe61d3ccf) Importer(815301076,1909f56bfc062723c751e8b465ee728b)  -> (artifact id: '1694b8f0ad30e2d309c81b9428a10cfa') in 0.022352 seconds 
  Import took 0.026366 seconds .

========================================================================
Received Import Request.
  Time since last request: 0.002378 seconds.
  path: Assets/Materials/RobotRampage_Shotgun-Material__RobotRampage_Bot_Texture_psd.mat
  artifactKey: Guid(8232899ac3aaf4198b1e86d144850240) Importer(815301076,1909f56bfc062723c751e8b465ee728b)
Start importing Assets/Materials/RobotRampage_Shotgun-Material__RobotRampage_Bot_Texture_psd.mat using Guid(8232899ac3aaf4198b1e86d144850240) Importer(815301076,1909f56bfc062723c751e8b465ee728b)  -> (artifact id: 'd5fc530792a6b896b48d4c4d2128e09b') in 0.024292 seconds 
  Import took 0.029822 seconds .

========================================================================
Received Import Request.
  Time since last request: 0.000501 seconds.
  path: Assets/Models/RobotRampage_Projectile_v1.blend
  artifactKey: Guid(c90116297957c499a9ee51bf55e47dd5) Importer(815301076,1909f56bfc062723c751e8b465ee728b)
Start importing Assets/Models/RobotRampage_Projectile_v1.blend using Guid(c90116297957c499a9ee51bf55e47dd5) Importer(815301076,1909f56bfc062723c751e8b465ee728b)  -> (artifact id: 'dd92d50201f95b6a0e295b16a4dd291b') in 0.038657 seconds 
  Import took 0.043665 seconds .

========================================================================
Received Import Request.
  Time since last request: 0.000296 seconds.
  path: Assets/Models/RobotRampage_Wall.blend
  artifactKey: Guid(6955a90d383c1430686eabea7ea76478) Importer(815301076,1909f56bfc062723c751e8b465ee728b)
Start importing Assets/Models/RobotRampage_Wall.blend using Guid(6955a90d383c1430686eabea7ea76478) Importer(815301076,1909f56bfc062723c751e8b465ee728b)  -> (artifact id: 'af8139017d204e20c3a8efcd824c01af') in 0.028667 seconds 
  Import took 0.033524 seconds .

========================================================================
Received Import Request.
  Time since last request: 0.000244 seconds.
  path: Assets/Materials/Ornage.mat
  artifactKey: Guid(356a8929d7e3d674597b4897189467e5) Importer(815301076,1909f56bfc062723c751e8b465ee728b)
Start importing Assets/Materials/Ornage.mat using Guid(356a8929d7e3d674597b4897189467e5) Importer(815301076,1909f56bfc062723c751e8b465ee728b)  -> (artifact id: 'd405ad5c95e1d5590baa65f5d1babcdd') in 0.016893 seconds 
  Import took 0.020690 seconds .

========================================================================
Received Import Request.
  Time since last request: 0.583413 seconds.
  path: Assets/Resources/BlueRobot.prefab
  artifactKey: Guid(dfdbe8e902e4c764986125cb5abd918c) Importer(815301076,1909f56bfc062723c751e8b465ee728b)
Start importing Assets/Resources/BlueRobot.prefab using Guid(dfdbe8e902e4c764986125cb5abd918c) Importer(815301076,1909f56bfc062723c751e8b465ee728b)  -> (artifact id: '22582e6d4e7f8970ef91298932f85e65') in 0.021368 seconds 
  Import took 0.025296 seconds .

========================================================================
Received Import Request.
  Time since last request: 0.000267 seconds.
  path: Assets/Resources/PickupAmmoShotgun.prefab
  artifactKey: Guid(f63c0b459fd76144792bca76fd75aa66) Importer(815301076,1909f56bfc062723c751e8b465ee728b)
Start importing Assets/Resources/PickupAmmoShotgun.prefab using Guid(f63c0b459fd76144792bca76fd75aa66) Importer(815301076,1909f56bfc062723c751e8b465ee728b)  -> (artifact id: '2c5a585892741b874e45ac2eb206b2b9') in 0.021139 seconds 
  Import took 0.025425 seconds .

========================================================================
Received Import Request.
  Time since last request: 0.000570 seconds.
  path: Assets/Resources/YellowRobot.prefab
  artifactKey: Guid(d46c9d37ec808be45be665aeadd68629) Importer(815301076,1909f56bfc062723c751e8b465ee728b)
Start importing Assets/Resources/YellowRobot.prefab using Guid(d46c9d37ec808be45be665aeadd68629) Importer(815301076,1909f56bfc062723c751e8b465ee728b)  -> (artifact id: '291b2c82621325f47b9534960e5952b8') in 0.028401 seconds 
  Import took 0.032076 seconds .

========================================================================
Received Import Request.
  Time since last request: 0.000280 seconds.
  path: Assets/Resources/RobotMissileYellow.prefab
  artifactKey: Guid(b01d0670dae754544a163a4b6932d91b) Importer(815301076,1909f56bfc062723c751e8b465ee728b)
Start importing Assets/Resources/RobotMissileYellow.prefab using Guid(b01d0670dae754544a163a4b6932d91b) Importer(815301076,1909f56bfc062723c751e8b465ee728b)  -> (artifact id: '3b6101b6d9a1242b2148f903ca717d62') in 0.022326 seconds 
  Import took 0.026932 seconds .

========================================================================
Received Import Request.
  Time since last request: 0.000505 seconds.
  path: Assets/Resources/RedRobot.prefab
  artifactKey: Guid(a6274e245433be044b0df9ffc907c5ed) Importer(815301076,1909f56bfc062723c751e8b465ee728b)
Start importing Assets/Resources/RedRobot.prefab using Guid(a6274e245433be044b0df9ffc907c5ed) Importer(815301076,1909f56bfc062723c751e8b465ee728b)  -> (artifact id: '3b630f00a5902ca3b1763934f58c9b6c') in 0.026732 seconds 
  Import took 0.032350 seconds .

========================================================================
Received Import Request.
  Time since last request: 0.000332 seconds.
  path: Assets/Resources/RobotMissileRed.prefab
  artifactKey: Guid(1eb0807ae2a745243ab50bbbf626a2f6) Importer(815301076,1909f56bfc062723c751e8b465ee728b)
Start importing Assets/Resources/RobotMissileRed.prefab using Guid(1eb0807ae2a745243ab50bbbf626a2f6) Importer(815301076,1909f56bfc062723c751e8b465ee728b)  -> (artifact id: 'd9aca456978582e4499cf8c36a1665f7') in 0.022687 seconds 
  Import took 0.027156 seconds .

========================================================================
Received Import Request.
  Time since last request: 0.000452 seconds.
  path: Assets/Resources/PickupArmor.prefab
  artifactKey: Guid(ad56adbfc10cea94ab0f1c6d3abdf578) Importer(815301076,1909f56bfc062723c751e8b465ee728b)
Start importing Assets/Resources/PickupArmor.prefab using Guid(ad56adbfc10cea94ab0f1c6d3abdf578) Importer(815301076,1909f56bfc062723c751e8b465ee728b)  -> (artifact id: '7d12fa927cacd084b2ff1f5de7af95d8') in 0.019271 seconds 
  Import took 0.023852 seconds .

========================================================================
Received Import Request.
  Time since last request: 0.000507 seconds.
  path: Assets/Resources/PickupHealth.prefab
  artifactKey: Guid(f5e95b12a937f0d4995d12cf6a35495a) Importer(815301076,1909f56bfc062723c751e8b465ee728b)
Start importing Assets/Resources/PickupHealth.prefab using Guid(f5e95b12a937f0d4995d12cf6a35495a) Importer(815301076,1909f56bfc062723c751e8b465ee728b)  -> (artifact id: 'f5c52f5a3d61d32cd41db4f0b832a3f4') in 0.018289 seconds 
  Import took 0.022107 seconds .

========================================================================
Received Import Request.
  Time since last request: 0.000511 seconds.
  path: Assets/Resources/RobotRampageTitle.prefab
  artifactKey: Guid(3c3824acc2aa69f4b892c604ccf56166) Importer(815301076,1909f56bfc062723c751e8b465ee728b)
Start importing Assets/Resources/RobotRampageTitle.prefab using Guid(3c3824acc2aa69f4b892c604ccf56166) Importer(815301076,1909f56bfc062723c751e8b465ee728b)  -> (artifact id: 'e933b7d13ffe1ba16422d1d9f008a4e9') in 0.019221 seconds 
  Import took 0.023425 seconds .

========================================================================
Received Import Request.
  Time since last request: 0.000354 seconds.
  path: Assets/Resources/Teleporter.prefab
  artifactKey: Guid(ef92121b8b2e99d4480871066fe2ef02) Importer(815301076,1909f56bfc062723c751e8b465ee728b)
Start importing Assets/Resources/Teleporter.prefab using Guid(ef92121b8b2e99d4480871066fe2ef02) Importer(815301076,1909f56bfc062723c751e8b465ee728b)  -> (artifact id: '7bfc6d9ba47051cf14b0dc9ff03b2352') in 0.020418 seconds 
  Import took 0.024661 seconds .

========================================================================
Received Import Request.
  Time since last request: 0.000379 seconds.
  path: Assets/Resources/PickupAmmoPistol.prefab
  artifactKey: Guid(940aaf910dbb38a48b630d4a7f743587) Importer(815301076,1909f56bfc062723c751e8b465ee728b)
Start importing Assets/Resources/PickupAmmoPistol.prefab using Guid(940aaf910dbb38a48b630d4a7f743587) Importer(815301076,1909f56bfc062723c751e8b465ee728b)  -> (artifact id: '150c48001a930c47ad9e91670ec4f695') in 0.019775 seconds 
  Import took 0.024508 seconds .

========================================================================
Received Import Request.
  Time since last request: 0.000347 seconds.
  path: Assets/Resources/RobotMissileBlue.prefab
  artifactKey: Guid(9976923b00f0fd34a98bc13985b75759) Importer(815301076,1909f56bfc062723c751e8b465ee728b)
Start importing Assets/Resources/RobotMissileBlue.prefab using Guid(9976923b00f0fd34a98bc13985b75759) Importer(815301076,1909f56bfc062723c751e8b465ee728b)  -> (artifact id: '1d22b0695e7f5d7771add048ce2fe170') in 0.019869 seconds 
  Import took 0.023926 seconds .

========================================================================
Received Import Request.
  Time since last request: 0.000290 seconds.
  path: Assets/Resources/PickupAmmoAssaultRifle.prefab
  artifactKey: Guid(9f832004461f1284d9d497e0fae5093f) Importer(815301076,1909f56bfc062723c751e8b465ee728b)
Start importing Assets/Resources/PickupAmmoAssaultRifle.prefab using Guid(9f832004461f1284d9d497e0fae5093f) Importer(815301076,1909f56bfc062723c751e8b465ee728b)  -> (artifact id: '565401f0125aa7694238972602dfc2da') in 0.021610 seconds 
  Import took 0.025880 seconds .

AssetImportWorkerClient::OnTransportError - code=2 error=End of file
